[setup] Installing requirements...
Defaulting to user installation because normal site-packages is not writeable
Requirement already satisfied: httpx==0.27.2 in /home/raphaelfranco/.local/lib/python3.10/site-packages (from -r requirements.txt (line 1)) (0.27.2)
Collecting pymongo==4.8.0
  Using cached pymongo-4.8.0-cp310-cp310-manylinux_2_17_x86_64.manylinux2014_x86_64.whl (1.2 MB)
Requirement already satisfied: python-dateutil==2.9.0.post0 in /home/raphaelfranco/.local/lib/python3.10/site-packages (from -r requirements.txt (line 3)) (2.9.0.post0)
Collecting pandas==2.2.2
  Using cached pandas-2.2.2-cp310-cp310-manylinux_2_17_x86_64.manylinux2014_x86_64.whl (13.0 MB)
Collecting pyarrow==17.0.0
  Using cached pyarrow-17.0.0-cp310-cp310-manylinux_2_28_x86_64.whl (39.9 MB)
Collecting fastparquet==2024.5.0
  Using cached fastparquet-2024.5.0-cp310-cp310-manylinux_2_17_x86_64.manylinux2014_x86_64.whl (1.7 MB)
Collecting tqdm==4.66.4
  Using cached tqdm-4.66.4-py3-none-any.whl (78 kB)
Requirement already satisfied: anyio in /home/raphaelfranco/.local/lib/python3.10/site-packages (from httpx==0.27.2->-r requirements.txt (line 1)) (4.6.0)
Requirement already satisfied: idna in /home/raphaelfranco/.local/lib/python3.10/site-packages (from httpx==0.27.2->-r requirements.txt (line 1)) (3.10)
Requirement already satisfied: httpcore==1.* in /home/raphaelfranco/.local/lib/python3.10/site-packages (from httpx==0.27.2->-r requirements.txt (line 1)) (1.0.6)
Requirement already satisfied: certifi in /home/raphaelfranco/.local/lib/python3.10/site-packages (from httpx==0.27.2->-r requirements.txt (line 1)) (2024.8.30)
Requirement already satisfied: sniffio in /home/raphaelfranco/.local/lib/python3.10/site-packages (from httpx==0.27.2->-r requirements.txt (line 1)) (1.3.1)
Collecting dnspython<3.0.0,>=1.16.0
  Using cached dnspython-2.8.0-py3-none-any.whl (331 kB)
Requirement already satisfied: six>=1.5 in /usr/lib/python3/dist-packages (from python-dateutil==2.9.0.post0->-r requirements.txt (line 3)) (1.16.0)
Requirement already satisfied: pytz>=2020.1 in /usr/lib/python3/dist-packages (from pandas==2.2.2->-r requirements.txt (line 4)) (2022.1)
Requirement already satisfied: tzdata>=2022.7 in /home/raphaelfranco/.local/lib/python3.10/site-packages (from pandas==2.2.2->-r requirements.txt (line 4)) (2024.2)
Requirement already satisfied: numpy>=1.22.4 in /home/raphaelfranco/.local/lib/python3.10/site-packages (from pandas==2.2.2->-r requirements.txt (line 4)) (2.1.2)
Collecting fsspec
  Using cached fsspec-2025.9.0-py3-none-any.whl (199 kB)
Collecting cramjam>=2.3
  Using cached cramjam-2.11.0-cp310-cp310-manylinux_2_17_x86_64.manylinux2014_x86_64.whl (2.0 MB)
Requirement already satisfied: packaging in /home/raphaelfranco/.local/lib/python3.10/site-packages (from fastparquet==2024.5.0->-r requirements.txt (line 6)) (24.1)
Requirement already satisfied: h11<0.15,>=0.13 in /home/raphaelfranco/.local/lib/python3.10/site-packages (from httpcore==1.*->httpx==0.27.2->-r requirements.txt (line 1)) (0.14.0)
Requirement already satisfied: typing-extensions>=4.1 in /home/raphaelfranco/.local/lib/python3.10/site-packages (from anyio->httpx==0.27.2->-r requirements.txt (line 1)) (4.12.2)
Requirement already satisfied: exceptiongroup>=1.0.2 in /home/raphaelfranco/.local/lib/python3.10/site-packages (from anyio->httpx==0.27.2->-r requirements.txt (line 1)) (1.2.2)
Installing collected packages: tqdm, pyarrow, fsspec, dnspython, cramjam, pymongo, pandas, fastparquet
  WARNING: The script tqdm is installed in '/home/raphaelfranco/.local/bin' which is not on PATH.
  Consider adding this directory to PATH or, if you prefer to suppress this warning, use --no-warn-script-location.
  Attempting uninstall: pandas
    Found existing installation: pandas 2.2.3
    Uninstalling pandas-2.2.3:
      Successfully uninstalled pandas-2.2.3
Successfully installed cramjam-2.11.0 dnspython-2.8.0 fastparquet-2024.5.0 fsspec-2025.9.0 pandas-2.2.2 pyarrow-17.0.0 pymongo-4.8.0 tqdm-4.66.4
[run] INPE fires (days=7)...
./scripts/run_update.sh: line 113: python: command not found
